❯ Building...
✔ Building...
Initial chunk files | Names         |  Raw size
main.js             | main          |   1.43 MB | 
styles.css          | styles        | 599.84 kB | 
scripts.js          | scripts       | 107.72 kB | 
polyfills.js        | polyfills     | 109 bytes | 

                    | Initial total |   2.13 MB

Application bundle generation complete. [3.807 seconds]

[33m▲ [43;33m[[43;30mWARNING[43;33m][0m [1m441 repetitive deprecation warnings omitted.
Run in verbose mode to see all warnings.[0m [1m[35m[plugin angular-sass][0m

    angular:styles/global:styles:1:8:
[37m      1 │ @import [32m'src/styles.scss'[37m;
        ╵         [32m~~~~~~~~~~~~~~~~~[0m

  null


[33m▲ [43;33m[[43;30mWARNING[43;33m][0m [1m232 repetitive deprecation warnings omitted.
Run in verbose mode to see all warnings.[0m [1m[35m[plugin angular-sass][0m

    angular:styles/global:styles:2:8:
[37m      2 │ @import [32m'node_modules/bootstrap/scss/bootstrap.scss'[37m;
        ╵         [32m~~~~~~~~~~~~~~~~~~~~~~~~~~~~~~~~~~~~~~~~~~~~[0m

  null


[33m▲ [43;33m[[43;30mWARNING[43;33m][0m [1m9 repetitive deprecation warnings omitted.
Run in verbose mode to see all warnings.[0m [1m[35m[plugin angular-sass][0m

    angular:styles/global:styles:3:8:
[37m      3 │ @import [32m'node_modules/font-awesome/scss/font-awesome.scss'[37m;
        ╵         [32m~~~~~~~~~~~~~~~~~~~~~~~~~~~~~~~~~~~~~~~~~~~~~~~~~~[0m

  null


[33m▲ [43;33m[[43;30mWARNING[43;33m][0m [1mDeprecation[0m [1m[35m[plugin angular-sass][0m

    node_modules/bootstrap/scss/_functions.scss:11:29:
[37m      11 │     @if $prev-num == null or [32m[37munit($num) == "%" or unit($prev-num) ...
         ╵                              [32m^[0m


  Global built-in functions are deprecated and will be removed in Dart Sass 3.0.0.
  Use math.unit instead.
  
  More info and automated migrator: [4mhttps://sass-lang.com/d/import[0m

  The plugin "angular-sass" was triggered by this import

    angular:styles/global:styles:2:8:
[37m      2 │ @import [32m'node_modules/bootstrap/scss/bootstrap.scss'[37m;
        ╵         [32m~~~~~~~~~~~~~~~~~~~~~~~~~~~~~~~~~~~~~~~~~~~~[0m


[33m▲ [43;33m[[43;30mWARNING[43;33m][0m [1mDeprecation[0m [1m[35m[plugin angular-sass][0m

    node_modules/bootstrap/scss/_functions.scss:11:50:
[37m      11 │ ...$prev-num == null or unit($num) == "%" or [32m[37munit($prev-num) == "%" {
         ╵                                              [32m^[0m


  Global built-in functions are deprecated and will be removed in Dart Sass 3.0.0.
  Use math.unit instead.
  
  More info and automated migrator: [4mhttps://sass-lang.com/d/import[0m

  The plugin "angular-sass" was triggered by this import

    angular:styles/global:styles:2:8:
[37m      2 │ @import [32m'node_modules/bootstrap/scss/bootstrap.scss'[37m;
        ╵         [32m~~~~~~~~~~~~~~~~~~~~~~~~~~~~~~~~~~~~~~~~~~~~[0m


[33m▲ [43;33m[[43;30mWARNING[43;33m][0m [1mDeprecation[0m [1m[35m[plugin angular-sass][0m

    node_modules/bootstrap/scss/_functions.scss:37:10:
[37m      37 │   @return [32m[37mred($value), green($value), blue($value);
         ╵           [32m^[0m


  red() is deprecated. Suggestion:
  
  color.channel($color, "red", $space: rgb)
  
  More info: [4mhttps://sass-lang.com/d/color-functions[0m

  The plugin "angular-sass" was triggered by this import

    angular:styles/global:styles:2:8:
[37m      2 │ @import [32m'node_modules/bootstrap/scss/bootstrap.scss'[37m;
        ╵         [32m~~~~~~~~~~~~~~~~~~~~~~~~~~~~~~~~~~~~~~~~~~~~[0m


[33m▲ [43;33m[[43;30mWARNING[43;33m][0m [1mDeprecation[0m [1m[35m[plugin angular-sass][0m

    node_modules/bootstrap/scss/_functions.scss:37:23:
[37m      37 │   @return red($value), [32m[37mgreen($value), blue($value);
         ╵                        [32m^[0m


  green() is deprecated. Suggestion:
  
  color.channel($color, "green", $space: rgb)
  
  More info: [4mhttps://sass-lang.com/d/color-functions[0m

  The plugin "angular-sass" was triggered by this import

    angular:styles/global:styles:2:8:
[37m      2 │ @import [32m'node_modules/bootstrap/scss/bootstrap.scss'[37m;
        ╵         [32m~~~~~~~~~~~~~~~~~~~~~~~~~~~~~~~~~~~~~~~~~~~~[0m


[33m▲ [43;33m[[43;30mWARNING[43;33m][0m [1mDeprecation[0m [1m[35m[plugin angular-sass][0m

    node_modules/bootstrap/scss/_functions.scss:185:9:
[37m      185 │     "r": [32m[37mred($color),
          ╵          [32m^[0m


  red() is deprecated. Suggestion:
  
  color.channel($color, "red", $space: rgb)
  
  More info: [4mhttps://sass-lang.com/d/color-functions[0m

  The plugin "angular-sass" was triggered by this import

    angular:styles/global:styles:2:8:
[37m      2 │ @import [32m'node_modules/bootstrap/scss/bootstrap.scss'[37m;
        ╵         [32m~~~~~~~~~~~~~~~~~~~~~~~~~~~~~~~~~~~~~~~~~~~~[0m


[33m▲ [43;33m[[43;30mWARNING[43;33m][0m [1mDeprecation[0m [1m[35m[plugin angular-sass][0m

    node_modules/bootstrap/scss/_functions.scss:186:9:
[37m      186 │     "g": [32m[37mgreen($color),
          ╵          [32m^[0m


  green() is deprecated. Suggestion:
  
  color.channel($color, "green", $space: rgb)
  
  More info: [4mhttps://sass-lang.com/d/color-functions[0m

  The plugin "angular-sass" was triggered by this import

    angular:styles/global:styles:2:8:
[37m      2 │ @import [32m'node_modules/bootstrap/scss/bootstrap.scss'[37m;
        ╵         [32m~~~~~~~~~~~~~~~~~~~~~~~~~~~~~~~~~~~~~~~~~~~~[0m


[33m▲ [43;33m[[43;30mWARNING[43;33m][0m [1mDeprecation[0m [1m[35m[plugin angular-sass][0m

    node_modules/bootstrap/scss/_functions.scss:187:9:
[37m      187 │     "b": [32m[37mblue($color)
          ╵          [32m^[0m


  blue() is deprecated. Suggestion:
  
  color.channel($color, "blue", $space: rgb)
  
  More info: [4mhttps://sass-lang.com/d/color-functions[0m

  The plugin "angular-sass" was triggered by this import

    angular:styles/global:styles:2:8:
[37m      2 │ @import [32m'node_modules/bootstrap/scss/bootstrap.scss'[37m;
        ╵         [32m~~~~~~~~~~~~~~~~~~~~~~~~~~~~~~~~~~~~~~~~~~~~[0m


[33m▲ [43;33m[[43;30mWARNING[43;33m][0m [1mDeprecation[0m [1m[35m[plugin angular-sass][0m

    node_modules/bootstrap/scss/_functions.scss:207:10:
[37m      207 │   @return [32m[37mmix(white, $color, $weight);
          ╵           [32m^[0m


  Global built-in functions are deprecated and will be removed in Dart Sass 3.0.0.
  Use color.mix instead.
  
  More info and automated migrator: [4mhttps://sass-lang.com/d/import[0m

  The plugin "angular-sass" was triggered by this import

    angular:styles/global:styles:2:8:
[37m      2 │ @import [32m'node_modules/bootstrap/scss/bootstrap.scss'[37m;
        ╵         [32m~~~~~~~~~~~~~~~~~~~~~~~~~~~~~~~~~~~~~~~~~~~~[0m


[33m▲ [43;33m[[43;30mWARNING[43;33m][0m [1mDeprecation[0m [1m[35m[plugin angular-sass][0m

    node_modules/bootstrap/scss/_functions.scss:212:10:
[37m      212 │   @return [32m[37mmix(black, $color, $weight);
          ╵           [32m^[0m


  Global built-in functions are deprecated and will be removed in Dart Sass 3.0.0.
  Use color.mix instead.
  
  More info and automated migrator: [4mhttps://sass-lang.com/d/import[0m

  The plugin "angular-sass" was triggered by this import

    angular:styles/global:styles:2:8:
[37m      2 │ @import [32m'node_modules/bootstrap/scss/bootstrap.scss'[37m;
        ╵         [32m~~~~~~~~~~~~~~~~~~~~~~~~~~~~~~~~~~~~~~~~~~~~[0m


[33m▲ [43;33m[[43;30mWARNING[43;33m][0m [1mDeprecation[0m [1m[35m[plugin angular-sass][0m

    node_modules/bootstrap/scss/_variables.scss:342:26:
[37m      342 │ $light-bg-subtle:         [32m[37mmix($gray-100, $white) !default;
          ╵                           [32m^[0m


  Global built-in functions are deprecated and will be removed in Dart Sass 3.0.0.
  Use color.mix instead.
  
  More info and automated migrator: [4mhttps://sass-lang.com/d/import[0m

  The plugin "angular-sass" was triggered by this import

    angular:styles/global:styles:2:8:
[37m      2 │ @import [32m'node_modules/bootstrap/scss/bootstrap.scss'[37m;
        ╵         [32m~~~~~~~~~~~~~~~~~~~~~~~~~~~~~~~~~~~~~~~~~~~~[0m


[33m▲ [43;33m[[43;30mWARNING[43;33m][0m [1mDeprecation[0m [1m[35m[plugin angular-sass][0m

    node_modules/bootstrap/scss/bootstrap.scss:1:8:
[37m      1 │ @import [32m[37m"mixins/banner";
        ╵         [32m^[0m


  Sass @import rules are deprecated and will be removed in Dart Sass 3.0.0.
  
  More info and automated migrator: [4mhttps://sass-lang.com/d/import[0m

  The plugin "angular-sass" was triggered by this import

    angular:styles/global:styles:2:8:
[37m      2 │ @import [32m'node_modules/bootstrap/scss/bootstrap.scss'[37m;
        ╵         [32m~~~~~~~~~~~~~~~~~~~~~~~~~~~~~~~~~~~~~~~~~~~~[0m


[33m▲ [43;33m[[43;30mWARNING[43;33m][0m [1mDeprecation[0m [1m[35m[plugin angular-sass][0m

    node_modules/bootstrap/scss/bootstrap.scss:7:8:
[37m      7 │ @import [32m[37m"functions";
        ╵         [32m^[0m


  Sass @import rules are deprecated and will be removed in Dart Sass 3.0.0.
  
  More info and automated migrator: [4mhttps://sass-lang.com/d/import[0m

  The plugin "angular-sass" was triggered by this import

    angular:styles/global:styles:2:8:
[37m      2 │ @import [32m'node_modules/bootstrap/scss/bootstrap.scss'[37m;
        ╵         [32m~~~~~~~~~~~~~~~~~~~~~~~~~~~~~~~~~~~~~~~~~~~~[0m


[33m▲ [43;33m[[43;30mWARNING[43;33m][0m [1mDeprecation[0m [1m[35m[plugin angular-sass][0m

    node_modules/bootstrap/scss/bootstrap.scss:8:8:
[37m      8 │ @import [32m[37m"variables";
        ╵         [32m^[0m


  Sass @import rules are deprecated and will be removed in Dart Sass 3.0.0.
  
  More info and automated migrator: [4mhttps://sass-lang.com/d/import[0m

  The plugin "angular-sass" was triggered by this import

    angular:styles/global:styles:2:8:
[37m      2 │ @import [32m'node_modules/bootstrap/scss/bootstrap.scss'[37m;
        ╵         [32m~~~~~~~~~~~~~~~~~~~~~~~~~~~~~~~~~~~~~~~~~~~~[0m


[33m▲ [43;33m[[43;30mWARNING[43;33m][0m [1mDeprecation[0m [1m[35m[plugin angular-sass][0m

    node_modules/bootstrap/scss/bootstrap.scss:9:8:
[37m      9 │ @import [32m[37m"variables-dark";
        ╵         [32m^[0m


  Sass @import rules are deprecated and will be removed in Dart Sass 3.0.0.
  
  More info and automated migrator: [4mhttps://sass-lang.com/d/import[0m

  The plugin "angular-sass" was triggered by this import

    angular:styles/global:styles:2:8:
[37m      2 │ @import [32m'node_modules/bootstrap/scss/bootstrap.scss'[37m;
        ╵         [32m~~~~~~~~~~~~~~~~~~~~~~~~~~~~~~~~~~~~~~~~~~~~[0m


[33m▲ [43;33m[[43;30mWARNING[43;33m][0m [1mDeprecation[0m [1m[35m[plugin angular-sass][0m

    node_modules/bootstrap/scss/bootstrap.scss:10:8:
[37m      10 │ @import [32m[37m"maps";
         ╵         [32m^[0m


  Sass @import rules are deprecated and will be removed in Dart Sass 3.0.0.
  
  More info and automated migrator: [4mhttps://sass-lang.com/d/import[0m

  The plugin "angular-sass" was triggered by this import

    angular:styles/global:styles:2:8:
[37m      2 │ @import [32m'node_modules/bootstrap/scss/bootstrap.scss'[37m;
        ╵         [32m~~~~~~~~~~~~~~~~~~~~~~~~~~~~~~~~~~~~~~~~~~~~[0m


[33m▲ [43;33m[[43;30mWARNING[43;33m][0m [1mDeprecation[0m [1m[35m[plugin angular-sass][0m

    node_modules/font-awesome/scss/_fixed-width.scss:4:10:
[37m      4 │   width: ([32m[37m18em / 14);
        ╵           [32m^[0m


  Using / for division outside of calc() is deprecated and will be removed in Dart Sass 2.0.0.
  
  Recommendation: math.div(18em, 14) or calc(18em / 14)
  
  More info and automated migrator: [4mhttps://sass-lang.com/d/slash-div[0m

  The plugin "angular-sass" was triggered by this import

    angular:styles/global:styles:3:8:
[37m      3 │ @import [32m'node_modules/font-awesome/scss/font-awesome.scss'[37m;
        ╵         [32m~~~~~~~~~~~~~~~~~~~~~~~~~~~~~~~~~~~~~~~~~~~~~~~~~~[0m


[33m▲ [43;33m[[43;30mWARNING[43;33m][0m [1mDeprecation[0m [1m[35m[plugin angular-sass][0m

    node_modules/font-awesome/scss/_larger.scss:6:14:
[37m      6 │   font-size: ([32m[37m4em / 3);
        ╵               [32m^[0m


  Using / for division outside of calc() is deprecated and will be removed in Dart Sass 2.0.0.
  
  Recommendation: math.div(4em, 3) or calc(4em / 3)
  
  More info and automated migrator: [4mhttps://sass-lang.com/d/slash-div[0m

  The plugin "angular-sass" was triggered by this import

    angular:styles/global:styles:3:8:
[37m      3 │ @import [32m'node_modules/font-awesome/scss/font-awesome.scss'[37m;
        ╵         [32m~~~~~~~~~~~~~~~~~~~~~~~~~~~~~~~~~~~~~~~~~~~~~~~~~~[0m


[33m▲ [43;33m[[43;30mWARNING[43;33m][0m [1mDeprecation[0m [1m[35m[plugin angular-sass][0m

    node_modules/font-awesome/scss/_larger.scss:7:16:
[37m      7 │   line-height: ([32m[37m3em / 4);
        ╵                 [32m^[0m


  Using / for division outside of calc() is deprecated and will be removed in Dart Sass 2.0.0.
  
  Recommendation: math.div(3em, 4) or calc(3em / 4)
  
  More info and automated migrator: [4mhttps://sass-lang.com/d/slash-div[0m

  The plugin "angular-sass" was triggered by this import

    angular:styles/global:styles:3:8:
[37m      3 │ @import [32m'node_modules/font-awesome/scss/font-awesome.scss'[37m;
        ╵         [32m~~~~~~~~~~~~~~~~~~~~~~~~~~~~~~~~~~~~~~~~~~~~~~~~~~[0m


[33m▲ [43;33m[[43;30mWARNING[43;33m][0m [1mDeprecation[0m [1m[35m[plugin angular-sass][0m

    node_modules/font-awesome/scss/_list.scss:14:8:
[37m      14 │   top: ([32m[37m2em / 14);
         ╵         [32m^[0m


  Using / for division outside of calc() is deprecated and will be removed in Dart Sass 2.0.0.
  
  Recommendation: math.div(2em, 14) or calc(2em / 14)
  
  More info and automated migrator: [4mhttps://sass-lang.com/d/slash-div[0m

  The plugin "angular-sass" was triggered by this import

    angular:styles/global:styles:3:8:
[37m      3 │ @import [32m'node_modules/font-awesome/scss/font-awesome.scss'[37m;
        ╵         [32m~~~~~~~~~~~~~~~~~~~~~~~~~~~~~~~~~~~~~~~~~~~~~~~~~~[0m


[33m▲ [43;33m[[43;30mWARNING[43;33m][0m [1mDeprecation[0m [1m[35m[plugin angular-sass][0m

    node_modules/font-awesome/scss/_variables.scss:12:23:
[37m      12 │ $fa-li-width:         ([32m[37m30em / 14) !default;
         ╵                        [32m^[0m


  Using / for division outside of calc() is deprecated and will be removed in Dart Sass 2.0.0.
  
  Recommendation: math.div(30em, 14) or calc(30em / 14)
  
  More info and automated migrator: [4mhttps://sass-lang.com/d/slash-div[0m

  The plugin "angular-sass" was triggered by this import

    angular:styles/global:styles:3:8:
[37m      3 │ @import [32m'node_modules/font-awesome/scss/font-awesome.scss'[37m;
        ╵         [32m~~~~~~~~~~~~~~~~~~~~~~~~~~~~~~~~~~~~~~~~~~~~~~~~~~[0m


[33m▲ [43;33m[[43;30mWARNING[43;33m][0m [1mDeprecation[0m [1m[35m[plugin angular-sass][0m

    node_modules/font-awesome/scss/font-awesome.scss:6:8:
[37m      6 │ @import [32m[37m"variables";
        ╵         [32m^[0m


  Sass @import rules are deprecated and will be removed in Dart Sass 3.0.0.
  
  More info and automated migrator: [4mhttps://sass-lang.com/d/import[0m

  The plugin "angular-sass" was triggered by this import

    angular:styles/global:styles:3:8:
[37m      3 │ @import [32m'node_modules/font-awesome/scss/font-awesome.scss'[37m;
        ╵         [32m~~~~~~~~~~~~~~~~~~~~~~~~~~~~~~~~~~~~~~~~~~~~~~~~~~[0m


[33m▲ [43;33m[[43;30mWARNING[43;33m][0m [1mDeprecation[0m [1m[35m[plugin angular-sass][0m

    node_modules/font-awesome/scss/font-awesome.scss:7:8:
[37m      7 │ @import [32m[37m"mixins";
        ╵         [32m^[0m


  Sass @import rules are deprecated and will be removed in Dart Sass 3.0.0.
  
  More info and automated migrator: [4mhttps://sass-lang.com/d/import[0m

  The plugin "angular-sass" was triggered by this import

    angular:styles/global:styles:3:8:
[37m      3 │ @import [32m'node_modules/font-awesome/scss/font-awesome.scss'[37m;
        ╵         [32m~~~~~~~~~~~~~~~~~~~~~~~~~~~~~~~~~~~~~~~~~~~~~~~~~~[0m


[33m▲ [43;33m[[43;30mWARNING[43;33m][0m [1mDeprecation[0m [1m[35m[plugin angular-sass][0m

    node_modules/font-awesome/scss/font-awesome.scss:8:8:
[37m      8 │ @import [32m[37m"path";
        ╵         [32m^[0m


  Sass @import rules are deprecated and will be removed in Dart Sass 3.0.0.
  
  More info and automated migrator: [4mhttps://sass-lang.com/d/import[0m

  The plugin "angular-sass" was triggered by this import

    angular:styles/global:styles:3:8:
[37m      3 │ @import [32m'node_modules/font-awesome/scss/font-awesome.scss'[37m;
        ╵         [32m~~~~~~~~~~~~~~~~~~~~~~~~~~~~~~~~~~~~~~~~~~~~~~~~~~[0m


[33m▲ [43;33m[[43;30mWARNING[43;33m][0m [1mDeprecation[0m [1m[35m[plugin angular-sass][0m

    node_modules/font-awesome/scss/font-awesome.scss:9:8:
[37m      9 │ @import [32m[37m"core";
        ╵         [32m^[0m


  Sass @import rules are deprecated and will be removed in Dart Sass 3.0.0.
  
  More info and automated migrator: [4mhttps://sass-lang.com/d/import[0m

  The plugin "angular-sass" was triggered by this import

    angular:styles/global:styles:3:8:
[37m      3 │ @import [32m'node_modules/font-awesome/scss/font-awesome.scss'[37m;
        ╵         [32m~~~~~~~~~~~~~~~~~~~~~~~~~~~~~~~~~~~~~~~~~~~~~~~~~~[0m


[33m▲ [43;33m[[43;30mWARNING[43;33m][0m [1mDeprecation[0m [1m[35m[plugin angular-sass][0m

    node_modules/font-awesome/scss/font-awesome.scss:10:8:
[37m      10 │ @import [32m[37m"larger";
         ╵         [32m^[0m


  Sass @import rules are deprecated and will be removed in Dart Sass 3.0.0.
  
  More info and automated migrator: [4mhttps://sass-lang.com/d/import[0m

  The plugin "angular-sass" was triggered by this import

    angular:styles/global:styles:3:8:
[37m      3 │ @import [32m'node_modules/font-awesome/scss/font-awesome.scss'[37m;
        ╵         [32m~~~~~~~~~~~~~~~~~~~~~~~~~~~~~~~~~~~~~~~~~~~~~~~~~~[0m


[33m▲ [43;33m[[43;30mWARNING[43;33m][0m [1mDeprecation[0m [1m[35m[plugin angular-sass][0m

    src/assets/base.scss:5:8:
[37m      5 │ @import [32m[37m"components/bootstrap5/functions";
        ╵         [32m^[0m


  Sass @import rules are deprecated and will be removed in Dart Sass 3.0.0.
  
  More info and automated migrator: [4mhttps://sass-lang.com/d/import[0m

  The plugin "angular-sass" was triggered by this import

    angular:styles/global:styles:1:8:
[37m      1 │ @import [32m'src/styles.scss'[37m;
        ╵         [32m~~~~~~~~~~~~~~~~~[0m


[33m▲ [43;33m[[43;30mWARNING[43;33m][0m [1mDeprecation[0m [1m[35m[plugin angular-sass][0m

    src/assets/base.scss:9:8:
[37m      9 │ @import [32m[37m"themes/layout-variables";
        ╵         [32m^[0m


  Sass @import rules are deprecated and will be removed in Dart Sass 3.0.0.
  
  More info and automated migrator: [4mhttps://sass-lang.com/d/import[0m

  The plugin "angular-sass" was triggered by this import

    angular:styles/global:styles:1:8:
[37m      1 │ @import [32m'src/styles.scss'[37m;
        ╵         [32m~~~~~~~~~~~~~~~~~[0m


[33m▲ [43;33m[[43;30mWARNING[43;33m][0m [1mDeprecation[0m [1m[35m[plugin angular-sass][0m

    src/assets/base.scss:13:8:
[37m      13 │ @import [32m[37m"components/bootstrap5/variables";
         ╵         [32m^[0m


  Sass @import rules are deprecated and will be removed in Dart Sass 3.0.0.
  
  More info and automated migrator: [4mhttps://sass-lang.com/d/import[0m

  The plugin "angular-sass" was triggered by this import

    angular:styles/global:styles:1:8:
[37m      1 │ @import [32m'src/styles.scss'[37m;
        ╵         [32m~~~~~~~~~~~~~~~~~[0m


[33m▲ [43;33m[[43;30mWARNING[43;33m][0m [1mDeprecation[0m [1m[35m[plugin angular-sass][0m

    src/assets/base.scss:14:8:
[37m      14 │ @import [32m[37m"components/bootstrap5/mixins";
         ╵         [32m^[0m


  Sass @import rules are deprecated and will be removed in Dart Sass 3.0.0.
  
  More info and automated migrator: [4mhttps://sass-lang.com/d/import[0m

  The plugin "angular-sass" was triggered by this import

    angular:styles/global:styles:1:8:
[37m      1 │ @import [32m'src/styles.scss'[37m;
        ╵         [32m~~~~~~~~~~~~~~~~~[0m


[33m▲ [43;33m[[43;30mWARNING[43;33m][0m [1mDeprecation[0m [1m[35m[plugin angular-sass][0m

    src/assets/base.scss:15:8:
[37m      15 │ @import [32m[37m"components/bootstrap5/utilities";
         ╵         [32m^[0m


  Sass @import rules are deprecated and will be removed in Dart Sass 3.0.0.
  
  More info and automated migrator: [4mhttps://sass-lang.com/d/import[0m

  The plugin "angular-sass" was triggered by this import

    angular:styles/global:styles:1:8:
[37m      1 │ @import [32m'src/styles.scss'[37m;
        ╵         [32m~~~~~~~~~~~~~~~~~[0m


[33m▲ [43;33m[[43;30mWARNING[43;33m][0m [1mDeprecation[0m [1m[35m[plugin angular-sass][0m

    src/assets/components/bootstrap5/_alert.scss:51:65:
[37m      51 │ ...alue, color-contrast($alert-background), [32m[37mabs($alert-color-scale));
         ╵                                             [32m^[0m


  Passing percentage units to the global abs() function is deprecated.
  In the future, this will emit a CSS abs() function to be resolved by the browser.
  To preserve current behavior: math.abs(40%)
  To emit a CSS abs() now: abs(#{40%})
  More info: [4mhttps://sass-lang.com/d/abs-percent[0m

  The plugin "angular-sass" was triggered by this import

    angular:styles/global:styles:1:8:
[37m      1 │ @import [32m'src/styles.scss'[37m;
        ╵         [32m~~~~~~~~~~~~~~~~~[0m


[33m▲ [43;33m[[43;30mWARNING[43;33m][0m [1mDeprecation[0m [1m[35m[plugin angular-sass][0m

    src/assets/components/bootstrap5/_functions.scss:150:10:
[37m      150 │   @return [32m[37mmix(rgba($foreground, 1), $background, opacity($foregro...
          ╵           [32m^[0m


  $weight: Passing a number without unit % (100) is deprecated.
  
  To preserve current behavior: $weight * 1%
  
  More info: [4mhttps://sass-lang.com/d/function-units[0m

  The plugin "angular-sass" was triggered by this import

    angular:styles/global:styles:1:8:
[37m      1 │ @import [32m'src/styles.scss'[37m;
        ╵         [32m~~~~~~~~~~~~~~~~~[0m


[33m▲ [43;33m[[43;30mWARNING[43;33m][0m [1mDeprecation[0m [1m[35m[plugin angular-sass][0m

    src/assets/components/bootstrap5/_list-group.scss:169:83:
[37m      169 │ ...trast($list-group-variant-bg), [32m[37mabs($list-group-item-color-scal...
          ╵                                   [32m^[0m


  Passing percentage units to the global abs() function is deprecated.
  In the future, this will emit a CSS abs() function to be resolved by the browser.
  To preserve current behavior: math.abs(40%)
  To emit a CSS abs() now: abs(#{40%})
  More info: [4mhttps://sass-lang.com/d/abs-percent[0m

  The plugin "angular-sass" was triggered by this import

    angular:styles/global:styles:1:8:
[37m      1 │ @import [32m'src/styles.scss'[37m;
        ╵         [32m~~~~~~~~~~~~~~~~~[0m


[33m▲ [43;33m[[43;30mWARNING[43;33m][0m [1mDeprecation[0m [1m[35m[plugin angular-sass][0m

    src/assets/components/bootstrap5/_reboot.scss:507:2:
[37m      507 │   [32m[37mfont-weight: $legend-font-weight;
          ╵   [32m^[0m


  Sass's behavior for declarations that appear after nested
  rules will be changing to match the behavior specified by CSS in an upcoming
  version. To keep the existing behavior, move the declaration above the nested
  rule. To opt into the new behavior, wrap the declaration in `& {}`.
  
  More info: [4mhttps://sass-lang.com/d/mixed-decls[0m

  The plugin "angular-sass" was triggered by this import

    angular:styles/global:styles:1:8:
[37m      1 │ @import [32m'src/styles.scss'[37m;
        ╵         [32m~~~~~~~~~~~~~~~~~[0m


[33m▲ [43;33m[[43;30mWARNING[43;33m][0m [1mDeprecation[0m [1m[35m[plugin angular-sass][0m

    src/assets/components/bootstrap5/_reboot.scss:508:2:
[37m      508 │   [32m[37mline-height: inherit;
          ╵   [32m^[0m


  Sass's behavior for declarations that appear after nested
  rules will be changing to match the behavior specified by CSS in an upcoming
  version. To keep the existing behavior, move the declaration above the nested
  rule. To opt into the new behavior, wrap the declaration in `& {}`.
  
  More info: [4mhttps://sass-lang.com/d/mixed-decls[0m

  The plugin "angular-sass" was triggered by this import

    angular:styles/global:styles:1:8:
[37m      1 │ @import [32m'src/styles.scss'[37m;
        ╵         [32m~~~~~~~~~~~~~~~~~[0m


[33m▲ [43;33m[[43;30mWARNING[43;33m][0m [1mDeprecation[0m [1m[35m[plugin angular-sass][0m

    src/assets/components/bootstrap5/_type.scss:38:4:
[37m      38 │     [32m[37mfont-weight: $display-font-weight;
         ╵     [32m^[0m


  Sass's behavior for declarations that appear after nested
  rules will be changing to match the behavior specified by CSS in an upcoming
  version. To keep the existing behavior, move the declaration above the nested
  rule. To opt into the new behavior, wrap the declaration in `& {}`.
  
  More info: [4mhttps://sass-lang.com/d/mixed-decls[0m

  The plugin "angular-sass" was triggered by this import

    angular:styles/global:styles:1:8:
[37m      1 │ @import [32m'src/styles.scss'[37m;
        ╵         [32m~~~~~~~~~~~~~~~~~[0m


[33m▲ [43;33m[[43;30mWARNING[43;33m][0m [1mDeprecation[0m [1m[35m[plugin angular-sass][0m

    src/assets/components/bootstrap5/_type.scss:38:4:
[37m      38 │     [32m[37mfont-weight: $display-font-weight;
         ╵     [32m^[0m


  Sass's behavior for declarations that appear after nested
  rules will be changing to match the behavior specified by CSS in an upcoming
  version. To keep the existing behavior, move the declaration above the nested
  rule. To opt into the new behavior, wrap the declaration in `& {}`.
  
  More info: [4mhttps://sass-lang.com/d/mixed-decls[0m

  The plugin "angular-sass" was triggered by this import

    angular:styles/global:styles:1:8:
[37m      1 │ @import [32m'src/styles.scss'[37m;
        ╵         [32m~~~~~~~~~~~~~~~~~[0m


[33m▲ [43;33m[[43;30mWARNING[43;33m][0m [1mDeprecation[0m [1m[35m[plugin angular-sass][0m

    src/assets/components/bootstrap5/_type.scss:39:4:
[37m      39 │     [32m[37mline-height: $display-line-height;
         ╵     [32m^[0m


  Sass's behavior for declarations that appear after nested
  rules will be changing to match the behavior specified by CSS in an upcoming
  version. To keep the existing behavior, move the declaration above the nested
  rule. To opt into the new behavior, wrap the declaration in `& {}`.
  
  More info: [4mhttps://sass-lang.com/d/mixed-decls[0m

  The plugin "angular-sass" was triggered by this import

    angular:styles/global:styles:1:8:
[37m      1 │ @import [32m'src/styles.scss'[37m;
        ╵         [32m~~~~~~~~~~~~~~~~~[0m


[33m▲ [43;33m[[43;30mWARNING[43;33m][0m [1mDeprecation[0m [1m[35m[plugin angular-sass][0m

    src/assets/components/bootstrap5/vendor/_rfs.scss:57:13:
[37m      57 │   $dividend: [32m[37mabs($dividend);
         ╵              [32m^[0m


  Passing percentage units to the global abs() function is deprecated.
  In the future, this will emit a CSS abs() function to be resolved by the browser.
  To preserve current behavior: math.abs(100%)
  To emit a CSS abs() now: abs(#{100%})
  More info: [4mhttps://sass-lang.com/d/abs-percent[0m

  The plugin "angular-sass" was triggered by this import

    angular:styles/global:styles:1:8:
[37m      1 │ @import [32m'src/styles.scss'[37m;
        ╵         [32m~~~~~~~~~~~~~~~~~[0m


[33m▲ [43;33m[[43;30mWARNING[43;33m][0m [1mDeprecation[0m [1m[35m[plugin angular-sass][0m

    src/assets/layout/sidebar/_sidebar-base.scss:228:16:
[37m      228 │       padding: ([32m[37m$layout-spacer-x / 2) 0 ($layout-spacer-x / 2) $l...
          ╵                 [32m^[0m


  Using / for division outside of calc() is deprecated and will be removed in Dart Sass 2.0.0.
  
  Recommendation: math.div($layout-spacer-x, 2) or calc($layout-spacer-x / 2)
  
  More info and automated migrator: [4mhttps://sass-lang.com/d/slash-div[0m

  The plugin "angular-sass" was triggered by this import

    angular:styles/global:styles:1:8:
[37m      1 │ @import [32m'src/styles.scss'[37m;
        ╵         [32m~~~~~~~~~~~~~~~~~[0m


[33m▲ [43;33m[[43;30mWARNING[43;33m][0m [1mDeprecation[0m [1m[35m[plugin angular-sass][0m

    src/assets/layout/sidebar/_sidebar-base.scss:228:41:
[37m      228 │ ...ing: ($layout-spacer-x / 2) 0 ([32m[37m$layout-spacer-x / 2) $layout-s...
          ╵                                   [32m^[0m


  Using / for division outside of calc() is deprecated and will be removed in Dart Sass 2.0.0.
  
  Recommendation: math.div($layout-spacer-x, 2) or calc($layout-spacer-x / 2)
  
  More info and automated migrator: [4mhttps://sass-lang.com/d/slash-div[0m

  The plugin "angular-sass" was triggered by this import

    angular:styles/global:styles:1:8:
[37m      1 │ @import [32m'src/styles.scss'[37m;
        ╵         [32m~~~~~~~~~~~~~~~~~[0m


[33m▲ [43;33m[[43;30mWARNING[43;33m][0m [1mDeprecation[0m [1m[35m[plugin angular-sass][0m

    src/assets/layout/sidebar/_sidebar-base.scss:233:20:
[37m      233 │         padding: 0 ([32m[37m$layout-spacer-x / 1.5);
          ╵                     [32m^[0m


  Using / for division outside of calc() is deprecated and will be removed in Dart Sass 2.0.0.
  
  Recommendation: math.div($layout-spacer-x, 1.5) or calc($layout-spacer-x / 1.5)
  
  More info and automated migrator: [4mhttps://sass-lang.com/d/slash-div[0m

  The plugin "angular-sass" was triggered by this import

    angular:styles/global:styles:1:8:
[37m      1 │ @import [32m'src/styles.scss'[37m;
        ╵         [32m~~~~~~~~~~~~~~~~~[0m


[33m▲ [43;33m[[43;30mWARNING[43;33m][0m [1mDeprecation[0m [1m[35m[plugin angular-sass][0m

    src/assets/layout/sidebar/_sidebar-base.scss:248:13:
[37m      248 │     margin: ([32m[37m$layout-spacer-x / 2) 0;
          ╵              [32m^[0m


  Using / for division outside of calc() is deprecated and will be removed in Dart Sass 2.0.0.
  
  Recommendation: math.div($layout-spacer-x, 2) or calc($layout-spacer-x / 2)
  
  More info and automated migrator: [4mhttps://sass-lang.com/d/slash-div[0m

  The plugin "angular-sass" was triggered by this import

    angular:styles/global:styles:1:8:
[37m      1 │ @import [32m'src/styles.scss'[37m;
        ╵         [32m~~~~~~~~~~~~~~~~~[0m


[33m▲ [43;33m[[43;30mWARNING[43;33m][0m [1mDeprecation[0m [1m[35m[plugin angular-sass][0m

    src/assets/themes/blue-alt/_variables.scss:29:8:
[37m      29 │ $grays: [32m[37mmap-merge(
         ╵         [32m^[0m

                (
                        "100": $gray-100,
                        "200": $gray-200,
                        "300": $gray-300,
                        "400": $gray-400,
                        "500": $gray-500,
                        "600": $gray-600,
                        "700": $gray-700,
                        "800": $gray-800,
                        "900": $gray-900
                ),
                $grays
);

  Global built-in functions are deprecated and will be removed in Dart Sass 3.0.0.
  Use map.merge instead.
  
  More info and automated migrator: [4mhttps://sass-lang.com/d/import[0m

  The plugin "angular-sass" was triggered by this import

    angular:styles/global:styles:1:8:
[37m      1 │ @import [32m'src/styles.scss'[37m;
        ╵         [32m~~~~~~~~~~~~~~~~~[0m


[33m▲ [43;33m[[43;30mWARNING[43;33m][0m [1mDeprecation[0m [1m[35m[plugin angular-sass][0m

    src/assets/themes/blue-alt/_variables.scss:83:15:
[37m      83 │ $theme-colors: [32m[37mmap-merge( $theme-colors, $custom-colors);
         ╵                [32m^[0m


  Global built-in functions are deprecated and will be removed in Dart Sass 3.0.0.
  Use map.merge instead.
  
  More info and automated migrator: [4mhttps://sass-lang.com/d/import[0m

  The plugin "angular-sass" was triggered by this import

    angular:styles/global:styles:1:8:
[37m      1 │ @import [32m'src/styles.scss'[37m;
        ╵         [32m~~~~~~~~~~~~~~~~~[0m


[33m▲ [43;33m[[43;30mWARNING[43;33m][0m [1mDeprecation[0m [1m[35m[plugin angular-sass][0m

    src/assets/themes/blue-alt/_variables.scss:93:16:
[37m      93 │ $font-size-xs: ([32m[37m$font-size-base / 1.1);
         ╵                 [32m^[0m


  Using / for division outside of calc() is deprecated and will be removed in Dart Sass 2.0.0.
  
  Recommendation: math.div($font-size-base, 1.1) or calc($font-size-base / 1.1)
  
  More info and automated migrator: [4mhttps://sass-lang.com/d/slash-div[0m

  The plugin "angular-sass" was triggered by this import

    angular:styles/global:styles:1:8:
[37m      1 │ @import [32m'src/styles.scss'[37m;
        ╵         [32m~~~~~~~~~~~~~~~~~[0m


[33m▲ [43;33m[[43;30mWARNING[43;33m][0m [1mDeprecation[0m [1m[35m[plugin angular-sass][0m

    src/assets/themes/blue-alt/_variables.scss:104:25:
[37m      104 │ $card-border-color: rgba([32m[37mdarken($primary, 25%), .125);
          ╵                          [32m^[0m


  Global built-in functions are deprecated and will be removed in Dart Sass 3.0.0.
  Use color.adjust instead.
  
  More info and automated migrator: [4mhttps://sass-lang.com/d/import[0m

  The plugin "angular-sass" was triggered by this import

    angular:styles/global:styles:1:8:
[37m      1 │ @import [32m'src/styles.scss'[37m;
        ╵         [32m~~~~~~~~~~~~~~~~~[0m


[33m▲ [43;33m[[43;30mWARNING[43;33m][0m [1mDeprecation[0m [1m[35m[plugin angular-sass][0m

    src/assets/themes/blue-alt/_variables.scss:104:25:
[37m      104 │ $card-border-color: rgba([32m[37mdarken($primary, 25%), .125);
          ╵                          [32m^[0m


  darken() is deprecated. Suggestions:
  
  color.scale($color, $lightness: -100%)
  color.adjust($color, $lightness: -25%)
  
  More info: [4mhttps://sass-lang.com/d/color-functions[0m

  The plugin "angular-sass" was triggered by this import

    angular:styles/global:styles:1:8:
[37m      1 │ @import [32m'src/styles.scss'[37m;
        ╵         [32m~~~~~~~~~~~~~~~~~[0m


[33m▲ [43;33m[[43;30mWARNING[43;33m][0m [1mDeprecation[0m [1m[35m[plugin angular-sass][0m

    src/assets/themes/blue-alt/_variables.scss:111:49:
[37m      111 │ ...t: 0 0.46875rem 2.1875rem rgba([32m[37mdarken($primary, 50%), .03), 0 ...
          ╵                                   [32m^[0m


  Global built-in functions are deprecated and will be removed in Dart Sass 3.0.0.
  Use color.adjust instead.
  
  More info and automated migrator: [4mhttps://sass-lang.com/d/import[0m

  The plugin "angular-sass" was triggered by this import

    angular:styles/global:styles:1:8:
[37m      1 │ @import [32m'src/styles.scss'[37m;
        ╵         [32m~~~~~~~~~~~~~~~~~[0m


[33m▲ [43;33m[[43;30mWARNING[43;33m][0m [1mDeprecation[0m [1m[35m[plugin angular-sass][0m

    src/assets/themes/blue-alt/_variables.scss:111:49:
[37m      111 │ ...t: 0 0.46875rem 2.1875rem rgba([32m[37mdarken($primary, 50%), .03), 0 ...
          ╵                                   [32m^[0m


  darken() is deprecated. Suggestions:
  
  color.scale($color, $lightness: -100%)
  color.adjust($color, $lightness: -50%)
  
  More info: [4mhttps://sass-lang.com/d/color-functions[0m

  The plugin "angular-sass" was triggered by this import

    angular:styles/global:styles:1:8:
[37m      1 │ @import [32m'src/styles.scss'[37m;
        ╵         [32m~~~~~~~~~~~~~~~~~[0m


[33m▲ [43;33m[[43;30mWARNING[43;33m][0m [1mDeprecation[0m [1m[35m[plugin angular-sass][0m

    src/assets/themes/blue-alt/_variables.scss:111:106:
[37m      111 │ ...), 0 0.9375rem 1.40625rem rgba([32m[37mdarken($primary, 50%), .03), 0 ...
          ╵                                   [32m^[0m


  Global built-in functions are deprecated and will be removed in Dart Sass 3.0.0.
  Use color.adjust instead.
  
  More info and automated migrator: [4mhttps://sass-lang.com/d/import[0m

  The plugin "angular-sass" was triggered by this import

    angular:styles/global:styles:1:8:
[37m      1 │ @import [32m'src/styles.scss'[37m;
        ╵         [32m~~~~~~~~~~~~~~~~~[0m


[33m▲ [43;33m[[43;30mWARNING[43;33m][0m [1mDeprecation[0m [1m[35m[plugin angular-sass][0m

    src/assets/themes/blue-alt/_variables.scss:111:106:
[37m      111 │ ...), 0 0.9375rem 1.40625rem rgba([32m[37mdarken($primary, 50%), .03), 0 ...
          ╵                                   [32m^[0m


  darken() is deprecated. Suggestions:
  
  color.scale($color, $lightness: -100%)
  color.adjust($color, $lightness: -50%)
  
  More info: [4mhttps://sass-lang.com/d/color-functions[0m

  The plugin "angular-sass" was triggered by this import

    angular:styles/global:styles:1:8:
[37m      1 │ @import [32m'src/styles.scss'[37m;
        ╵         [32m~~~~~~~~~~~~~~~~~[0m


[33m▲ [43;33m[[43;30mWARNING[43;33m][0m [1mDeprecation[0m [1m[35m[plugin angular-sass][0m

    src/assets/themes/blue-alt/_variables.scss:111:161:
[37m      111 │ ...03), 0 0.25rem 0.53125rem rgba([32m[37mdarken($primary, 50%), .05), 0 ...
          ╵                                   [32m^[0m


  darken() is deprecated. Suggestions:
  
  color.scale($color, $lightness: -100%)
  color.adjust($color, $lightness: -50%)
  
  More info: [4mhttps://sass-lang.com/d/color-functions[0m

  The plugin "angular-sass" was triggered by this import

    angular:styles/global:styles:1:8:
[37m      1 │ @import [32m'src/styles.scss'[37m;
        ╵         [32m~~~~~~~~~~~~~~~~~[0m


[33m▲ [43;33m[[43;30mWARNING[43;33m][0m [1mDeprecation[0m [1m[35m[plugin angular-sass][0m

    src/assets/themes/blue-alt/_variables.scss:111:216:
[37m      111 │ ...0%), .05), 0 0.125rem 0.1875rem rgba([32m[37mdarken($primary, 50%), .03);
          ╵                                         [32m^[0m


  darken() is deprecated. Suggestions:
  
  color.scale($color, $lightness: -100%)
  color.adjust($color, $lightness: -50%)
  
  More info: [4mhttps://sass-lang.com/d/color-functions[0m

  The plugin "angular-sass" was triggered by this import

    angular:styles/global:styles:1:8:
[37m      1 │ @import [32m'src/styles.scss'[37m;
        ╵         [32m~~~~~~~~~~~~~~~~~[0m


Watch mode enabled. Watching for file changes...
NOTE: Raw file sizes do not reflect development server per-request transformations.
  ➜  Local:   http://localhost:4201/
